<?xml version="1.0" encoding="UTF-8"?>
<testsuite name="org.example.DeckTest" tests="3" skipped="0" failures="0" errors="0" timestamp="2024-09-23T12:48:00" hostname="ang7y-RLEF-XX" time="0.029">
  <properties/>
  <testcase name="testDrawCardReducesDeckSize()" classname="org.example.DeckTest" time="0.017"/>
  <testcase name="testDeckShuffle()" classname="org.example.DeckTest" time="0.006"/>
  <testcase name="testDeckSize()" classname="org.example.DeckTest" time="0.002"/>
  <system-out><![CDATA[]]></system-out>
  <system-err><![CDATA[]]></system-err>
</testsuite>
