<?xml version="1.0" encoding="UTF-8"?>
<testsuite name="org.example.HeapSortTest" tests="7" skipped="0" failures="0" errors="0" timestamp="2024-09-16T11:44:11" hostname="ang7y-RLEF-XX" time="0.085">
  <properties/>
  <testcase name="emptyHS()" classname="org.example.HeapSortTest" time="0.011"/>
  <testcase name="testOne()" classname="org.example.HeapSortTest" time="0.001"/>
  <testcase name="testSame()" classname="org.example.HeapSortTest" time="0.001"/>
  <testcase name="testTime()" classname="org.example.HeapSortTest" time="0.068"/>
  <testcase name="testHS()" classname="org.example.HeapSortTest" time="0.0"/>
  <testcase name="negHS()" classname="org.example.HeapSortTest" time="0.0"/>
  <testcase name="testAlreadySorted()" classname="org.example.HeapSortTest" time="0.0"/>
  <system-out><![CDATA[10000 | 18
20000 | 30
30000 | 30
40000 | 36
50000 | 45
60000 | 52
70000 | 61
80000 | 76
90000 | 78
100000 | 85
]]></system-out>
  <system-err><![CDATA[]]></system-err>
</testsuite>
