<?xml version="1.0" encoding="UTF-8"?>
<testsuite name="org.example.HeapSortTest" tests="7" skipped="0" failures="0" errors="0" timestamp="2024-09-16T12:15:15" hostname="ang7y-RLEF-XX" time="0.113">
  <properties/>
  <testcase name="emptyHS()" classname="org.example.HeapSortTest" time="0.012"/>
  <testcase name="testOne()" classname="org.example.HeapSortTest" time="0.0"/>
  <testcase name="testSame()" classname="org.example.HeapSortTest" time="0.0"/>
  <testcase name="testTime()" classname="org.example.HeapSortTest" time="0.097"/>
  <testcase name="testHS()" classname="org.example.HeapSortTest" time="0.0"/>
  <testcase name="negHS()" classname="org.example.HeapSortTest" time="0.001"/>
  <testcase name="testAlreadySorted()" classname="org.example.HeapSortTest" time="0.0"/>
  <system-out><![CDATA[10000 | 17
20000 | 34
30000 | 47
40000 | 60
50000 | 75
60000 | 97
70000 | 100
80000 | 118
90000 | 133
100000 | 88
]]></system-out>
  <system-err><![CDATA[]]></system-err>
</testsuite>
