<?xml version="1.0" encoding="UTF-8"?>
<testsuite name="org.example.ParallelStreamTest" tests="4" skipped="0" failures="0" errors="0" timestamp="2025-02-08T19:23:42" hostname="ang7y-RLEF-XX" time="2.422">
  <properties/>
  <testcase name="testIsContain_AllPrimes()" classname="org.example.ParallelStreamTest" time="0.024"/>
  <testcase name="testIsContain_ContainsNonPrime()" classname="org.example.ParallelStreamTest" time="0.003"/>
  <testcase name="testIsContain_Performance()" classname="org.example.ParallelStreamTest" time="2.391"/>
  <testcase name="testIsPrime()" classname="org.example.ParallelStreamTest" time="0.0"/>
  <system-out><![CDATA[Time taken: 2.2144766 seconds
]]></system-out>
  <system-err><![CDATA[]]></system-err>
</testsuite>
