<?xml version="1.0" encoding="UTF-8"?>
<testsuite name="org.example.TranscriptTest" tests="4" skipped="0" failures="0" errors="0" timestamp="2024-11-25T10:53:26" hostname="ang7y-RLEF-XX" time="0.041">
  <properties/>
  <testcase name="testCanGetRedDiploma()" classname="org.example.TranscriptTest" time="0.023"/>
  <testcase name="testCanGetIncreasedScholarship()" classname="org.example.TranscriptTest" time="0.002"/>
  <testcase name="testCanTransferToBudget()" classname="org.example.TranscriptTest" time="0.002"/>
  <testcase name="testCalculateGPA()" classname="org.example.TranscriptTest" time="0.008"/>
  <system-out><![CDATA[]]></system-out>
  <system-err><![CDATA[]]></system-err>
</testsuite>
