<?xml version="1.0" encoding="UTF-8"?>
<testsuite name="org.example.MainTest" tests="4" skipped="0" failures="0" errors="0" timestamp="2024-10-07T12:46:10" hostname="ang7y-RLEF-XX" time="0.038">
  <properties/>
  <testcase name="testExpressionEvaluation()" classname="org.example.MainTest" time="0.024"/>
  <testcase name="testParseVariables()" classname="org.example.MainTest" time="0.003"/>
  <testcase name="testExpressionMissingVariable()" classname="org.example.MainTest" time="0.004"/>
  <testcase name="testExpressionWithNoVariables()" classname="org.example.MainTest" time="0.001"/>
  <system-out><![CDATA[]]></system-out>
  <system-err><![CDATA[]]></system-err>
</testsuite>
