<?xml version="1.0" encoding="UTF-8"?>
<testsuite name="org.example.PizazzStoreTest" tests="8" skipped="0" failures="0" errors="0" timestamp="2025-03-16T18:14:19" hostname="ang7y-RLEF-XX" time="62.62">
  <properties/>
  <testcase name="testBakersAndCouriersWorkCorrectly()" classname="org.example.PizazzStoreTest" time="2.43"/>
  <testcase name="testStorageCapacity()" classname="org.example.PizazzStoreTest" time="0.001"/>
  <testcase name="testCourierPickup()" classname="org.example.PizazzStoreTest" time="0.003"/>
  <testcase name="testConfigWithMismatchedCourierArrays()" classname="org.example.PizazzStoreTest" time="0.14"/>
  <testcase name="testAllOrdersAreDelivered()" classname="org.example.PizazzStoreTest" time="0.005"/>
  <testcase name="testMainExecutionWithLogs()" classname="org.example.PizazzStoreTest" time="60.025"/>
  <testcase name="testOrderPlacement()" classname="org.example.PizazzStoreTest" time="0.004"/>
  <testcase name="testStopAcceptingOrders()" classname="org.example.PizazzStoreTest" time="0.005"/>
  <system-out><![CDATA[2025-03-16T18:14:20.328942763Z Test worker INFO Starting configuration XmlConfiguration[location=/home/ang7y/IdeaProjects/OOP3/Task_2_2_1/build/resources/main/log4j2.xml, lastModified=2025-03-12T14:08:16.324Z]...
2025-03-16T18:14:20.334465722Z Test worker INFO Start watching for changes to /home/ang7y/IdeaProjects/OOP3/Task_2_2_1/build/resources/main/log4j2.xml every 0 seconds
2025-03-16T18:14:20.335222177Z Test worker INFO Configuration XmlConfiguration[location=/home/ang7y/IdeaProjects/OOP3/Task_2_2_1/build/resources/main/log4j2.xml, lastModified=2025-03-12T14:08:16.324Z] started.
2025-03-16T18:14:20.338300534Z Test worker INFO Stopping configuration org.apache.logging.log4j.core.config.DefaultConfiguration@5460b754...
2025-03-16T18:14:20.338869129Z Test worker INFO Configuration org.apache.logging.log4j.core.config.DefaultConfiguration@5460b754 stopped.
2025-03-17 01:14:20 INFO  PizazzStore:28 - Order 1 placed successfully.
2025-03-17 01:14:20 INFO  PizazzStore:28 - Order 2 placed successfully.
2025-03-17 01:14:20 INFO  PizazzStore:28 - Order 3 placed successfully.
2025-03-17 01:14:20 INFO  PizazzStore:28 - Order 4 placed successfully.
2025-03-17 01:14:20 INFO  PizazzStore:28 - Order 5 placed successfully.
2025-03-17 01:14:20 INFO  PizazzStore:78 - Store is no longer accepting orders. Shutting down.
2025-03-17 01:14:20 INFO  PizazzStore:41 - Order 1 taken by baker.
2025-03-17 01:14:20 INFO  Baker:28 - Order: 1 is cooking by baker number: 1
2025-03-17 01:14:20 INFO  PizazzStore:63 - No more pizzas to deliver. Shutting down.
2025-03-17 01:14:20 INFO  Courier:38 - Courier Ochir Khubanov has finished work.
2025-03-17 01:14:20 INFO  PizazzStore:63 - No more pizzas to deliver. Shutting down.
2025-03-17 01:14:20 INFO  Courier:38 - Courier Nikita Krainov has finished work.
2025-03-17 01:14:20 INFO  PizazzStore:41 - Order 2 taken by baker.
2025-03-17 01:14:20 INFO  Baker:28 - Order: 2 is cooking by baker number: 2
2025-03-17 01:14:21 WARN  PizazzStore:50 - Order 1 was not stored because the store is shutting down.
2025-03-17 01:14:21 INFO  Baker:36 - Baker 1 has finished work.
2025-03-17 01:14:22 WARN  PizazzStore:50 - Order 2 was not stored because the store is shutting down.
2025-03-17 01:14:22 INFO  Baker:36 - Baker 2 has finished work.
2025-03-17 01:14:22 INFO  PizazzStore:63 - No more pizzas to deliver. Shutting down.
2025-03-17 01:14:22 INFO  PizazzStore:54 - Order 1 is ready and stored.
2025-03-17 01:14:22 INFO  PizazzStore:54 - Order 2 is ready and stored.
2025-03-17 01:14:22 INFO  PizazzStore:70 - 2 pizzas taken by courier.
2025-03-17 01:14:22 INFO  PizazzStore:54 - Order 1 is ready and stored.
2025-03-17 01:14:22 INFO  PizazzStore:54 - Order 2 is ready and stored.
2025-03-17 01:14:22 INFO  PizazzStore:70 - 2 pizzas taken by courier.
2025-03-17 01:14:22 INFO  PizazzStore:28 - Order 1 placed successfully.
2025-03-17 01:14:22 INFO  PizazzStore:28 - Order 2 placed successfully.
2025-03-17 01:14:22 INFO  PizazzStore:28 - Order 3 placed successfully.
2025-03-17 01:14:22 INFO  PizazzStore:28 - Order 4 placed successfully.
2025-03-17 01:14:22 INFO  PizazzStore:28 - Order 5 placed successfully.
2025-03-17 01:14:22 INFO  PizazzStore:78 - Store is no longer accepting orders. Shutting down.
2025-03-17 01:14:22 INFO  Baker:36 - Baker 1 has finished work.
2025-03-17 01:14:22 INFO  Courier:38 - Courier Ochir Khubanov has finished work.
2025-03-17 01:14:22 INFO  PizazzStore:63 - No more pizzas to deliver. Shutting down.
2025-03-17 01:14:22 INFO  Main:14 - Starting Pizzeria application...
2025-03-17 01:14:22 INFO  PizazzStore:28 - Order 1 placed successfully.
2025-03-17 01:14:22 INFO  PizazzStore:28 - Order 2 placed successfully.
2025-03-17 01:14:22 INFO  PizazzStore:28 - Order 3 placed successfully.
2025-03-17 01:14:22 INFO  PizazzStore:28 - Order 4 placed successfully.
2025-03-17 01:14:22 INFO  PizazzStore:28 - Order 5 placed successfully.
2025-03-17 01:14:22 INFO  PizazzStore:28 - Order 6 placed successfully.
2025-03-17 01:14:22 INFO  PizazzStore:28 - Order 7 placed successfully.
2025-03-17 01:14:22 INFO  PizazzStore:28 - Order 8 placed successfully.
2025-03-17 01:14:22 INFO  PizazzStore:28 - Order 9 placed successfully.
2025-03-17 01:14:22 INFO  PizazzStore:28 - Order 10 placed successfully.
2025-03-17 01:14:22 INFO  PizazzStore:28 - Order 11 placed successfully.
2025-03-17 01:14:22 INFO  PizazzStore:28 - Order 12 placed successfully.
2025-03-17 01:14:22 INFO  PizazzStore:28 - Order 13 placed successfully.
2025-03-17 01:14:22 INFO  PizazzStore:28 - Order 14 placed successfully.
2025-03-17 01:14:22 INFO  PizazzStore:28 - Order 15 placed successfully.
2025-03-17 01:14:22 INFO  PizazzStore:28 - Order 16 placed successfully.
2025-03-17 01:14:22 INFO  PizazzStore:28 - Order 17 placed successfully.
2025-03-17 01:14:22 INFO  PizazzStore:28 - Order 18 placed successfully.
2025-03-17 01:14:22 INFO  PizazzStore:28 - Order 19 placed successfully.
2025-03-17 01:14:22 INFO  PizazzStore:28 - Order 20 placed successfully.
2025-03-17 01:14:22 INFO  PizazzStore:41 - Order 1 taken by baker.
2025-03-17 01:14:22 INFO  Baker:28 - Order: 1 is cooking by baker number: 1
2025-03-17 01:14:22 INFO  PizazzStore:41 - Order 2 taken by baker.
2025-03-17 01:14:22 INFO  Baker:28 - Order: 2 is cooking by baker number: 4
2025-03-17 01:14:22 INFO  PizazzStore:41 - Order 3 taken by baker.
2025-03-17 01:14:22 INFO  Baker:28 - Order: 3 is cooking by baker number: 3
2025-03-17 01:14:22 INFO  PizazzStore:41 - Order 4 taken by baker.
2025-03-17 01:14:22 INFO  Baker:28 - Order: 4 is cooking by baker number: 2
2025-03-17 01:14:24 INFO  PizazzStore:54 - Order 1 is ready and stored.
2025-03-17 01:14:24 INFO  PizazzStore:41 - Order 5 taken by baker.
2025-03-17 01:14:24 INFO  Baker:28 - Order: 5 is cooking by baker number: 1
2025-03-17 01:14:24 INFO  PizazzStore:70 - 1 pizzas taken by courier.
2025-03-17 01:14:24 INFO  Courier:30 - Courier: Ochir Khubanov is delivering 1 pizzas
2025-03-17 01:14:25 INFO  PizazzStore:54 - Order 4 is ready and stored.
2025-03-17 01:14:25 INFO  PizazzStore:41 - Order 6 taken by baker.
2025-03-17 01:14:25 INFO  Baker:28 - Order: 6 is cooking by baker number: 2
2025-03-17 01:14:25 INFO  PizazzStore:70 - 1 pizzas taken by courier.
2025-03-17 01:14:25 INFO  Courier:30 - Courier: Artemy Kuleshov is delivering 1 pizzas
2025-03-17 01:14:26 INFO  PizazzStore:54 - Order 3 is ready and stored.
2025-03-17 01:14:26 INFO  PizazzStore:41 - Order 7 taken by baker.
2025-03-17 01:14:26 INFO  Baker:28 - Order: 7 is cooking by baker number: 3
2025-03-17 01:14:26 INFO  PizazzStore:70 - 1 pizzas taken by courier.
2025-03-17 01:14:26 INFO  Courier:30 - Courier: Nikita Krainov is delivering 1 pizzas
2025-03-17 01:14:26 INFO  PizazzStore:54 - Order 5 is ready and stored.
2025-03-17 01:14:26 INFO  PizazzStore:41 - Order 8 taken by baker.
2025-03-17 01:14:26 INFO  Baker:28 - Order: 8 is cooking by baker number: 1
2025-03-17 01:14:27 INFO  PizazzStore:54 - Order 2 is ready and stored.
2025-03-17 01:14:27 INFO  PizazzStore:41 - Order 9 taken by baker.
2025-03-17 01:14:27 INFO  Baker:28 - Order: 9 is cooking by baker number: 4
2025-03-17 01:14:28 INFO  PizazzStore:54 - Order 6 is ready and stored.
2025-03-17 01:14:28 INFO  PizazzStore:54 - Order 8 is ready and stored.
2025-03-17 01:14:28 INFO  PizazzStore:41 - Order 10 taken by baker.
2025-03-17 01:14:28 INFO  Baker:28 - Order: 10 is cooking by baker number: 1
2025-03-17 01:14:28 INFO  PizazzStore:41 - Order 11 taken by baker.
2025-03-17 01:14:28 INFO  Baker:28 - Order: 11 is cooking by baker number: 2
2025-03-17 01:14:30 INFO  PizazzStore:54 - Order 7 is ready and stored.
2025-03-17 01:14:30 INFO  PizazzStore:41 - Order 12 taken by baker.
2025-03-17 01:14:30 INFO  Baker:28 - Order: 12 is cooking by baker number: 3
2025-03-17 01:14:30 INFO  PizazzStore:54 - Order 10 is ready and stored.
2025-03-17 01:14:30 INFO  PizazzStore:41 - Order 13 taken by baker.
2025-03-17 01:14:30 INFO  Baker:28 - Order: 13 is cooking by baker number: 1
2025-03-17 01:14:31 INFO  PizazzStore:54 - Order 11 is ready and stored.
2025-03-17 01:14:31 INFO  PizazzStore:41 - Order 14 taken by baker.
2025-03-17 01:14:31 INFO  Baker:28 - Order: 14 is cooking by baker number: 2
2025-03-17 01:14:32 INFO  PizazzStore:54 - Order 9 is ready and stored.
2025-03-17 01:14:32 INFO  PizazzStore:41 - Order 15 taken by baker.
2025-03-17 01:14:32 INFO  Courier:32 - Courier Ochir Khubanov delivered order
2025-03-17 01:14:32 INFO  Baker:28 - Order: 15 is cooking by baker number: 4
2025-03-17 01:14:32 INFO  PizazzStore:70 - 6 pizzas taken by courier.
2025-03-17 01:14:32 INFO  Courier:30 - Courier: Ochir Khubanov is delivering 6 pizzas
2025-03-17 01:14:32 INFO  PizazzStore:54 - Order 13 is ready and stored.
2025-03-17 01:14:32 INFO  PizazzStore:41 - Order 16 taken by baker.
2025-03-17 01:14:32 INFO  Baker:28 - Order: 16 is cooking by baker number: 1
2025-03-17 01:14:33 INFO  Courier:32 - Courier Artemy Kuleshov delivered order
2025-03-17 01:14:33 INFO  PizazzStore:70 - 3 pizzas taken by courier.
2025-03-17 01:14:33 INFO  Courier:30 - Courier: Artemy Kuleshov is delivering 3 pizzas
2025-03-17 01:14:34 INFO  Courier:32 - Courier Nikita Krainov delivered order
2025-03-17 01:14:34 INFO  PizazzStore:54 - Order 12 is ready and stored.
2025-03-17 01:14:34 INFO  PizazzStore:41 - Order 17 taken by baker.
2025-03-17 01:14:34 INFO  Baker:28 - Order: 17 is cooking by baker number: 3
2025-03-17 01:14:34 INFO  PizazzStore:70 - 1 pizzas taken by courier.
2025-03-17 01:14:34 INFO  Courier:30 - Courier: Nikita Krainov is delivering 1 pizzas
2025-03-17 01:14:34 INFO  PizazzStore:54 - Order 14 is ready and stored.
2025-03-17 01:14:34 INFO  PizazzStore:41 - Order 18 taken by baker.
2025-03-17 01:14:34 INFO  Baker:28 - Order: 18 is cooking by baker number: 2
2025-03-17 01:14:34 INFO  PizazzStore:54 - Order 16 is ready and stored.
2025-03-17 01:14:34 INFO  PizazzStore:41 - Order 19 taken by baker.
2025-03-17 01:14:34 INFO  Baker:28 - Order: 19 is cooking by baker number: 1
2025-03-17 01:14:36 INFO  PizazzStore:54 - Order 19 is ready and stored.
2025-03-17 01:14:36 INFO  PizazzStore:41 - Order 20 taken by baker.
2025-03-17 01:14:36 INFO  Baker:28 - Order: 20 is cooking by baker number: 1
2025-03-17 01:14:37 INFO  PizazzStore:54 - Order 15 is ready and stored.
2025-03-17 01:14:37 INFO  PizazzStore:54 - Order 18 is ready and stored.
2025-03-17 01:14:38 INFO  PizazzStore:54 - Order 17 is ready and stored.
2025-03-17 01:14:38 INFO  PizazzStore:54 - Order 20 is ready and stored.
2025-03-17 01:14:40 INFO  Courier:32 - Courier Ochir Khubanov delivered order
2025-03-17 01:14:40 INFO  PizazzStore:70 - 6 pizzas taken by courier.
2025-03-17 01:14:40 INFO  Courier:30 - Courier: Ochir Khubanov is delivering 6 pizzas
2025-03-17 01:14:41 INFO  Courier:32 - Courier Artemy Kuleshov delivered order
2025-03-17 01:14:41 INFO  PizazzStore:70 - 1 pizzas taken by courier.
2025-03-17 01:14:41 INFO  Courier:30 - Courier: Artemy Kuleshov is delivering 1 pizzas
2025-03-17 01:14:42 INFO  Courier:32 - Courier Nikita Krainov delivered order
2025-03-17 01:14:48 INFO  Courier:32 - Courier Ochir Khubanov delivered order
2025-03-17 01:14:49 INFO  Courier:32 - Courier Artemy Kuleshov delivered order
2025-03-17 01:15:22 INFO  PizazzStore:78 - Store is no longer accepting orders. Shutting down.
2025-03-17 01:15:22 INFO  PizazzStore:37 - No more orders to process. Shutting down.
2025-03-17 01:15:22 INFO  PizazzStore:63 - No more pizzas to deliver. Shutting down.
2025-03-17 01:15:22 INFO  Baker:36 - Baker 1 has finished work.
2025-03-17 01:15:22 INFO  Courier:38 - Courier Artemy Kuleshov has finished work.
2025-03-17 01:15:22 INFO  PizazzStore:63 - No more pizzas to deliver. Shutting down.
2025-03-17 01:15:22 INFO  Courier:38 - Courier Ochir Khubanov has finished work.
2025-03-17 01:15:22 INFO  PizazzStore:63 - No more pizzas to deliver. Shutting down.
2025-03-17 01:15:22 INFO  Courier:38 - Courier Nikita Krainov has finished work.
2025-03-17 01:15:22 INFO  PizazzStore:37 - No more orders to process. Shutting down.
2025-03-17 01:15:22 INFO  Baker:36 - Baker 2 has finished work.
2025-03-17 01:15:22 INFO  PizazzStore:37 - No more orders to process. Shutting down.
2025-03-17 01:15:22 INFO  Baker:36 - Baker 4 has finished work.
2025-03-17 01:15:22 INFO  PizazzStore:37 - No more orders to process. Shutting down.
2025-03-17 01:15:22 INFO  Baker:36 - Baker 3 has finished work.
2025-03-17 01:15:22 INFO  Pizzeria:68 - Pizzeria closed, all workers stopped.
2025-03-17 01:15:22 INFO  PizazzStore:28 - Order 1 placed successfully.
2025-03-17 01:15:22 INFO  PizazzStore:41 - Order 1 taken by baker.
2025-03-17 01:15:22 INFO  PizazzStore:78 - Store is no longer accepting orders. Shutting down.
2025-03-17 01:15:22 WARN  PizazzStore:24 - Order 1 was rejected because the store is not accepting orders.
2025-03-17 01:15:22 INFO  PizazzStore:37 - No more orders to process. Shutting down.
]]></system-out>
  <system-err><![CDATA[]]></system-err>
</testsuite>
